prog: error while loading shared libraries: libmpi.so.20prog: : cannot open shared object fileerror while loading shared libraries: : No such file or directorylibmpi.so.20
: cannot open shared object file: No such file or directory
prog: error while loading shared librariesprog: : libmpi.so.20error while loading shared libraries: : cannot open shared object filelibmpi.so.20: : No such file or directorycannot open shared object file
prog: : No such file or directoryprogerror while loading shared libraries: progprogerror while loading shared libraries: : : libmpi.so.20error while loading shared libraries: : cannot open shared object filelibmpi.so.20libmpi.so.20: : No such file or directory: progcannot open shared object filecannot open shared object file
: : No such file or directory: 
No such file or directoryerror while loading shared libraries
: libmpi.so.20: cannot open shared object file: 
No such file or directory
: error while loading shared libraries: libmpi.so.20: cannot open shared object file: No such file or directory
prog: error while loading shared libraries: libmpi.so.20: cannot open shared object file: progNo such file or directory: 
error while loading shared libraries: libmpi.so.20: cannot open shared object file: No such file or directory
prog: error while loading shared libraries: libmpi.so.20: cannot open shared object file: No such file or directory
prog: error while loading shared libraries: libmpi.so.20: cannot open shared object file: No such file or directory
prog: error while loading shared libraries: libmpi.so.20: cannot open shared object file: No such file or directory
prog: error while loading shared libraries: libmpi.so.20: cannot open shared object file: No such file or directory
prog: error while loading shared libraries: libmpi.so.20: cannot open shared object file: No such file or directory
prog: error while loading shared libraries: libmpi.so.20: cannot open shared object file: No such file or directory
prog: error while loading shared libraries: libmpi.so.20: cannot open shared object file: No such file or directory
prog: error while loading shared libraries: libmpi.so.20: cannot open shared object file: No such file or directory
prog: error while loading shared libraries: libmpi.so.20: cannot open shared object file: No such file or directory
prog: error while loading shared libraries: libmpi.so.20: cannot open shared object file: No such file or directory
prog: error while loading shared libraries: libmpi.so.20: cannot open shared object file: No such file or directory
prog: error while loading shared libraries: libmpi.so.20: cannot open shared object file: No such file or directory
prog: error while loading shared libraries: libmpi.so.20: cannot open shared object file: No such file or directory
